# JRE version: Java(TM) SE Runtime Environment (21.0.2+13) (build 21.0.2+13-LTS-58)
# Java VM: Java HotSpot(TM) 64-Bit Server VM (21.0.2+13-LTS-58, mixed mode, sharing, tiered, compressed oops, compressed class ptrs, g1 gc, windows-amd64)
GC Precious Log:
 CardTable entry size: 512
 Card Set container configuration: InlinePtr #cards 5 size 8 Array Of Cards #cards 12 size 40 Howl #buckets 4 coarsen threshold 1843 Howl Bitmap #cards 512 size 80 coarsen threshold 460 Card regions per heap region 1 cards per card region 2048
 CPUs: 2 total, 2 available
 Memory: 3899M
 Large Page Support: Disabled
 NUMA Support: Disabled
 Compressed Oops: Enabled (32-bit)
 Heap Region Size: 1M
 Heap Min Capacity: 8M
 Heap Initial Capacity: 8M
 Heap Max Capacity: 976M
 Pre-touch: Disabled
 Parallel Workers: 2
 Concurrent Workers: 1
 Concurrent Refinement Workers: 2
 Periodic GC: Disabled
Heap:
 garbage-first heap   total 17408K, used 9782K [0x00000000c3000000, 0x0000000100000000)
  region size 1024K, 4 young (4096K), 1 survivors (1024K)
 Metaspace       used 9582K, committed 9792K, reserved 1114112K
  class space    used 1042K, committed 1152K, reserved 1048576K
GC Heap History (20 events):
Event: 4.195 GC heap before
{Heap before GC invocations=4 (full 0):
 garbage-first heap   total 8192K, used 3462K [0x00000000c3000000, 0x0000000100000000)
  region size 1024K, 2 young (2048K), 1 survivors (1024K)
 Metaspace       used 8222K, committed 8384K, reserved 1114112K
  class space    used 919K, committed 1024K, reserved 1048576K
}
Event: 4.198 GC heap after
{Heap after GC invocations=5 (full 0):
 garbage-first heap   total 8192K, used 2882K [0x00000000c3000000, 0x0000000100000000)
  region size 1024K, 1 young (1024K), 1 survivors (1024K)
 Metaspace       used 8222K, committed 8384K, reserved 1114112K
  class space    used 919K, committed 1024K, reserved 1048576K
}
Event: 4.517 GC heap before
{Heap before GC invocations=5 (full 0):
 garbage-first heap   total 8192K, used 3906K [0x00000000c3000000, 0x0000000100000000)
  region size 1024K, 2 young (2048K), 1 survivors (1024K)
 Metaspace       used 8370K, committed 8512K, reserved 1114112K
  class space    used 940K, committed 1024K, reserved 1048576K
}
Event: 4.526 GC heap after
{Heap after GC invocations=6 (full 0):
 garbage-first heap   total 8192K, used 3179K [0x00000000c3000000, 0x0000000100000000)
  region size 1024K, 1 young (1024K), 1 survivors (1024K)
 Metaspace       used 8370K, committed 8512K, reserved 1114112K
  class space    used 940K, committed 1024K, reserved 1048576K
}
Event: 4.712 GC heap before
{Heap before GC invocations=6 (full 0):
 garbage-first heap   total 8192K, used 4203K [0x00000000c3000000, 0x0000000100000000)
  region size 1024K, 2 young (2048K), 1 survivors (1024K)
 Metaspace       used 8434K, committed 8640K, reserved 1114112K
  class space    used 945K, committed 1024K, reserved 1048576K
}
Event: 4.716 GC heap after
{Heap after GC invocations=7 (full 0):
 garbage-first heap   total 10240K, used 3389K [0x00000000c3000000, 0x0000000100000000)
  region size 1024K, 1 young (1024K), 1 survivors (1024K)
 Metaspace       used 8434K, committed 8640K, reserved 1114112K
  class space    used 945K, committed 1024K, reserved 1048576K
}
Event: 4.768 GC heap before
{Heap before GC invocations=7 (full 0):
 garbage-first heap   total 10240K, used 5437K [0x00000000c3000000, 0x0000000100000000)
  region size 1024K, 3 young (3072K), 1 survivors (1024K)
 Metaspace       used 8490K, committed 8704K, reserved 1114112K
  class space    used 945K, committed 1024K, reserved 1048576K
}
Event: 4.772 GC heap after
{Heap after GC invocations=8 (full 0):
 garbage-first heap   total 10240K, used 3630K [0x00000000c3000000, 0x0000000100000000)
  region size 1024K, 1 young (1024K), 1 survivors (1024K)
 Metaspace       used 8490K, committed 8704K, reserved 1114112K
  class space    used 945K, committed 1024K, reserved 1048576K
}
Event: 4.823 GC heap before
{Heap before GC invocations=8 (full 0):
 garbage-first heap   total 10240K, used 6702K [0x00000000c3000000, 0x0000000100000000)
  region size 1024K, 4 young (4096K), 1 survivors (1024K)
 Metaspace       used 8559K, committed 8768K, reserved 1114112K
  class space    used 959K, committed 1088K, reserved 1048576K
}
Event: 4.826 GC heap after
{Heap after GC invocations=9 (full 0):
 garbage-first heap   total 10240K, used 4048K [0x00000000c3000000, 0x0000000100000000)
  region size 1024K, 1 young (1024K), 1 survivors (1024K)
 Metaspace       used 8559K, committed 8768K, reserved 1114112K
  class space    used 959K, committed 1088K, reserved 1048576K
}
Event: 4.848 GC heap before
{Heap before GC invocations=9 (full 0):
 garbage-first heap   total 10240K, used 6096K [0x00000000c3000000, 0x0000000100000000)
  region size 1024K, 3 young (3072K), 1 survivors (1024K)
 Metaspace       used 8567K, committed 8832K, reserved 1114112K
  class space    used 959K, committed 1088K, reserved 1048576K
}
Event: 4.851 GC heap after
{Heap after GC invocations=10 (full 0):
 garbage-first heap   total 10240K, used 4355K [0x00000000c3000000, 0x0000000100000000)
  region size 1024K, 1 young (1024K), 1 survivors (1024K)
 Metaspace       used 8567K, committed 8832K, reserved 1114112K
  class space    used 959K, committed 1088K, reserved 1048576K
}
Event: 4.932 GC heap before
{Heap before GC invocations=10 (full 0):
 garbage-first heap   total 10240K, used 6403K [0x00000000c3000000, 0x0000000100000000)
  region size 1024K, 3 young (3072K), 1 survivors (1024K)
 Metaspace       used 8646K, committed 8896K, reserved 1114112K
  class space    used 970K, committed 1088K, reserved 1048576K
}
Event: 4.935 GC heap after
{Heap after GC invocations=11 (full 0):
 garbage-first heap   total 17408K, used 4657K [0x00000000c3000000, 0x0000000100000000)
  region size 1024K, 1 young (1024K), 1 survivors (1024K)
 Metaspace       used 8646K, committed 8896K, reserved 1114112K
  class space    used 970K, committed 1088K, reserved 1048576K
}
Event: 5.495 GC heap before
{Heap before GC invocations=11 (full 0):
 garbage-first heap   total 17408K, used 10801K [0x00000000c3000000, 0x0000000100000000)
  region size 1024K, 8 young (8192K), 1 survivors (1024K)
 Metaspace       used 8778K, committed 8960K, reserved 1114112K
  class space    used 979K, committed 1088K, reserved 1048576K
}
Event: 5.507 GC heap after
{Heap after GC invocations=12 (full 0):
 garbage-first heap   total 17408K, used 6144K [0x00000000c3000000, 0x0000000100000000)
  region size 1024K, 1 young (1024K), 1 survivors (1024K)
 Metaspace       used 8778K, committed 8960K, reserved 1114112K
  class space    used 979K, committed 1088K, reserved 1048576K
}
Event: 6.699 GC heap before
{Heap before GC invocations=12 (full 0):
 garbage-first heap   total 17408K, used 11264K [0x00000000c3000000, 0x0000000100000000)
  region size 1024K, 6 young (6144K), 1 survivors (1024K)
 Metaspace       used 9462K, committed 9664K, reserved 1114112K
  class space    used 1038K, committed 1152K, reserved 1048576K
}
Event: 6.706 GC heap after
{Heap after GC invocations=13 (full 0):
 garbage-first heap   total 17408K, used 7045K [0x00000000c3000000, 0x0000000100000000)
  region size 1024K, 1 young (1024K), 1 survivors (1024K)
 Metaspace       used 9462K, committed 9664K, reserved 1114112K
  class space    used 1038K, committed 1152K, reserved 1048576K
}
Event: 6.800 GC heap before
{Heap before GC invocations=13 (full 0):
 garbage-first heap   total 17408K, used 12165K [0x00000000c3000000, 0x0000000100000000)
  region size 1024K, 6 young (6144K), 1 survivors (1024K)
 Metaspace       used 9472K, committed 9664K, reserved 1114112K
  class space    used 1038K, committed 1152K, reserved 1048576K
}
Event: 6.806 GC heap after
{Heap after GC invocations=14 (full 0):
 garbage-first heap   total 17408K, used 7734K [0x00000000c3000000, 0x0000000100000000)
  region size 1024K, 1 young (1024K), 1 survivors (1024K)
 Metaspace       used 9472K, committed 9664K, reserved 1114112K
  class space    used 1038K, committed 1152K, reserved 1048576K
}

